<?xml version="1.0" encoding="UTF-8"?>
<!-- Generated by org.testng.reporters.JUnitReportReporter -->
<testsuite skipped="0" hostname="DESKTOP-GQ3A50B" name="com.actitime.tests.InvalidloginlogoutTest" tests="1" failures="0" timestamp="2020-01-08T11:56:51 IST" time="21.434" errors="1">
  <testcase name="testinvalidloginlogout" time="21.434" classname="com.actitime.tests.InvalidloginlogoutTest">
    <error type="java.lang.StackOverflowError">
      <![CDATA[java.lang.StackOverflowError
at com.actitime.Pages.Loginpage.verifyTitle(Loginpage.java:49)
at com.actitime.Pages.Loginpage.verifyTitle(Loginpage.java:49)
at com.actitime.Pages.Loginpage.verifyTitle(Loginpage.java:49)
at com.actitime.Pages.Loginpage.verifyTitle(Loginpage.java:49)
at com.actitime.Pages.Loginpage.verifyTitle(Loginpage.java:49)
at com.actitime.Pages.Loginpage.verifyTitle(Loginpage.java:49)
at com.actitime.Pages.Loginpage.verifyTitle(Loginpage.java:49)
at com.actitime.Pages.Loginpage.verifyTitle(Loginpage.java:49)
at com.actitime.Pages.Loginpage.verifyTitle(Loginpage.java:49)
at com.actitime.Pages.Loginpage.verifyTitle(Loginpage.java:49)
at com.actitime.Pages.Loginpage.verifyTitle(Loginpage.java:49)
at com.actitime.Pages.Loginpage.verifyTitle(Loginpage.java:49)
at com.actitime.Pages.Loginpage.verifyTitle(Loginpage.java:49)
at com.actitime.Pages.Loginpage.verifyTitle(Loginpage.java:49)
at com.actitime.Pages.Loginpage.verifyTitle(Loginpage.java:49)
at com.actitime.Pages.Loginpage.verifyTitle(Loginpage.java:49)
at com.actitime.Pages.Loginpage.verifyTitle(Loginpage.java:49)
at com.actitime.Pages.Loginpage.verifyTitle(Loginpage.java:49)
at com.actitime.Pages.Loginpage.verifyTitle(Loginpage.java:49)
at com.actitime.Pages.Loginpage.verifyTitle(Loginpage.java:49)
at com.actitime.Pages.Loginpage.verifyTitle(Loginpage.java:49)
at com.actitime.Pages.Loginpage.verifyTitle(Loginpage.java:49)
at com.actitime.Pages.Loginpage.verifyTitle(Loginpage.java:49)
at com.actitime.Pages.Loginpage.verifyTitle(Loginpage.java:49)
at com.actitime.Pages.Loginpage.verifyTitle(Loginpage.java:49)
at com.actitime.Pages.Loginpage.verifyTitle(Loginpage.java:49)
at com.actitime.Pages.Loginpage.verifyTitle(Loginpage.java:49)
at com.actitime.Pages.Loginpage.verifyTitle(Loginpage.java:49)
at com.actitime.Pages.Loginpage.verifyTitle(Loginpage.java:49)
at com.actitime.Pages.Loginpage.verifyTitle(Loginpage.java:49)
at com.actitime.Pages.Loginpage.verifyTitle(Loginpage.java:49)
at com.actitime.Pages.Loginpage.verifyTitle(Loginpage.java:49)
at com.actitime.Pages.Loginpage.verifyTitle(Loginpage.java:49)
at com.actitime.Pages.Loginpage.verifyTitle(Loginpage.java:49)
at com.actitime.Pages.Loginpage.verifyTitle(Loginpage.java:49)
at com.actitime.Pages.Loginpage.verifyTitle(Loginpage.java:49)
at com.actitime.Pages.Loginpage.verifyTitle(Loginpage.java:49)
at com.actitime.Pages.Loginpage.verifyTitle(Loginpage.java:49)
at com.actitime.Pages.Loginpage.verifyTitle(Loginpage.java:49)
at com.actitime.Pages.Loginpage.verifyTitle(Loginpage.java:49)
at com.actitime.Pages.Loginpage.verifyTitle(Loginpage.java:49)
at com.actitime.Pages.Loginpage.verifyTitle(Loginpage.java:49)
at com.actitime.Pages.Loginpage.verifyTitle(Loginpage.java:49)
at com.actitime.Pages.Loginpage.verifyTitle(Loginpage.java:49)
at com.actitime.Pages.Loginpage.verifyTitle(Loginpage.java:49)
at com.actitime.Pages.Loginpage.verifyTitle(Loginpage.java:49)
at com.actitime.Pages.Loginpage.verifyTitle(Loginpage.java:49)
at com.actitime.Pages.Loginpage.verifyTitle(Loginpage.java:49)
at com.actitime.Pages.Loginpage.verifyTitle(Loginpage.java:49)
at com.actitime.Pages.Loginpage.verifyTitle(Loginpage.java:49)
at com.actitime.Pages.Loginpage.verifyTitle(Loginpage.java:49)
at com.actitime.Pages.Loginpage.verifyTitle(Loginpage.java:49)
at com.actitime.Pages.Loginpage.verifyTitle(Loginpage.java:49)
at com.actitime.Pages.Loginpage.verifyTitle(Loginpage.java:49)
at com.actitime.Pages.Loginpage.verifyTitle(Loginpage.java:49)
at com.actitime.Pages.Loginpage.verifyTitle(Loginpage.java:49)
at com.actitime.Pages.Loginpage.verifyTitle(Loginpage.java:49)
at com.actitime.Pages.Loginpage.verifyTitle(Loginpage.java:49)
at com.actitime.Pages.Loginpage.verifyTitle(Loginpage.java:49)
at com.actitime.Pages.Loginpage.verifyTitle(Loginpage.java:49)
at com.actitime.Pages.Loginpage.verifyTitle(Loginpage.java:49)
at com.actitime.Pages.Loginpage.verifyTitle(Loginpage.java:49)
at com.actitime.Pages.Loginpage.verifyTitle(Loginpage.java:49)
at com.actitime.Pages.Loginpage.verifyTitle(Loginpage.java:49)
at com.actitime.Pages.Loginpage.verifyTitle(Loginpage.java:49)
at com.actitime.Pages.Loginpage.verifyTitle(Loginpage.java:49)
at com.actitime.Pages.Loginpage.verifyTitle(Loginpage.java:49)
at com.actitime.Pages.Loginpage.verifyTitle(Loginpage.java:49)
at com.actitime.Pages.Loginpage.verifyTitle(Loginpage.java:49)
at com.actitime.Pages.Loginpage.verifyTitle(Loginpage.java:49)
at com.actitime.Pages.Loginpage.verifyTitle(Loginpage.java:49)
at com.actitime.Pages.Loginpage.verifyTitle(Loginpage.java:49)
at com.actitime.Pages.Loginpage.verifyTitle(Loginpage.java:49)
at com.actitime.Pages.Loginpage.verifyTitle(Loginpage.java:49)
at com.actitime.Pages.Loginpage.verifyTitle(Loginpage.java:49)
at com.actitime.Pages.Loginpage.verifyTitle(Loginpage.java:49)
at com.actitime.Pages.Loginpage.verifyTitle(Loginpage.java:49)
at com.actitime.Pages.Loginpage.verifyTitle(Loginpage.java:49)
at com.actitime.Pages.Loginpage.verifyTitle(Loginpage.java:49)
at com.actitime.Pages.Loginpage.verifyTitle(Loginpage.java:49)
at com.actitime.Pages.Loginpage.verifyTitle(Loginpage.java:49)
at com.actitime.Pages.Loginpage.verifyTitle(Loginpage.java:49)
at com.actitime.Pages.Loginpage.verifyTitle(Loginpage.java:49)
at com.actitime.Pages.Loginpage.verifyTitle(Loginpage.java:49)
at com.actitime.Pages.Loginpage.verifyTitle(Loginpage.java:49)
at com.actitime.Pages.Loginpage.verifyTitle(Loginpage.java:49)
at com.actitime.Pages.Loginpage.verifyTitle(Loginpage.java:49)
at com.actitime.Pages.Loginpage.verifyTitle(Loginpage.java:49)
at com.actitime.Pages.Loginpage.verifyTitle(Loginpage.java:49)
at com.actitime.Pages.Loginpage.verifyTitle(Loginpage.java:49)
at com.actitime.Pages.Loginpage.verifyTitle(Loginpage.java:49)
at com.actitime.Pages.Loginpage.verifyTitle(Loginpage.java:49)
at com.actitime.Pages.Loginpage.verifyTitle(Loginpage.java:49)
at com.actitime.Pages.Loginpage.verifyTitle(Loginpage.java:49)
at com.actitime.Pages.Loginpage.verifyTitle(Loginpage.java:49)
at com.actitime.Pages.Loginpage.verifyTitle(Loginpage.java:49)
at com.actitime.Pages.Loginpage.verifyTitle(Loginpage.java:49)
at com.actitime.Pages.Loginpage.verifyTitle(Loginpage.java:49)
at com.actitime.Pages.Loginpage.verifyTitle(Loginpage.java:49)
at com.actitime.Pages.Loginpage.verifyTitle(Loginpage.java:49)
at com.actitime.Pages.Loginpage.verifyTitle(Loginpage.java:49)
at com.actitime.Pages.Loginpage.verifyTitle(Loginpage.java:49)
at com.actitime.Pages.Loginpage.verifyTitle(Loginpage.java:49)
at com.actitime.Pages.Loginpage.verifyTitle(Loginpage.java:49)
at com.actitime.Pages.Loginpage.verifyTitle(Loginpage.java:49)
at com.actitime.Pages.Loginpage.verifyTitle(Loginpage.java:49)
at com.actitime.Pages.Loginpage.verifyTitle(Loginpage.java:49)
at com.actitime.Pages.Loginpage.verifyTitle(Loginpage.java:49)
at com.actitime.Pages.Loginpage.verifyTitle(Loginpage.java:49)
at com.actitime.Pages.Loginpage.verifyTitle(Loginpage.java:49)
at com.actitime.Pages.Loginpage.verifyTitle(Loginpage.java:49)
at com.actitime.Pages.Loginpage.verifyTitle(Loginpage.java:49)
at com.actitime.Pages.Loginpage.verifyTitle(Loginpage.java:49)
at com.actitime.Pages.Loginpage.verifyTitle(Loginpage.java:49)
at com.actitime.Pages.Loginpage.verifyTitle(Loginpage.java:49)
at com.actitime.Pages.Loginpage.verifyTitle(Loginpage.java:49)
at com.actitime.Pages.Loginpage.verifyTitle(Loginpage.java:49)
at com.actitime.Pages.Loginpage.verifyTitle(Loginpage.java:49)
at com.actitime.Pages.Loginpage.verifyTitle(Loginpage.java:49)
at com.actitime.Pages.Loginpage.verifyTitle(Loginpage.java:49)
at com.actitime.Pages.Loginpage.verifyTitle(Loginpage.java:49)
at com.actitime.Pages.Loginpage.verifyTitle(Loginpage.java:49)
at com.actitime.Pages.Loginpage.verifyTitle(Loginpage.java:49)
at com.actitime.Pages.Loginpage.verifyTitle(Loginpage.java:49)
at com.actitime.Pages.Loginpage.verifyTitle(Loginpage.java:49)
at com.actitime.Pages.Loginpage.verifyTitle(Loginpage.java:49)
at com.actitime.Pages.Loginpage.verifyTitle(Loginpage.java:49)
at com.actitime.Pages.Loginpage.verifyTitle(Loginpage.java:49)
at com.actitime.Pages.Loginpage.verifyTitle(Loginpage.java:49)
at com.actitime.Pages.Loginpage.verifyTitle(Loginpage.java:49)
at com.actitime.Pages.Loginpage.verifyTitle(Loginpage.java:49)
at com.actitime.Pages.Loginpage.verifyTitle(Loginpage.java:49)
at com.actitime.Pages.Loginpage.verifyTitle(Loginpage.java:49)
at com.actitime.Pages.Loginpage.verifyTitle(Loginpage.java:49)
at com.actitime.Pages.Loginpage.verifyTitle(Loginpage.java:49)
at com.actitime.Pages.Loginpage.verifyTitle(Loginpage.java:49)
at com.actitime.Pages.Loginpage.verifyTitle(Loginpage.java:49)
at com.actitime.Pages.Loginpage.verifyTitle(Loginpage.java:49)
at com.actitime.Pages.Loginpage.verifyTitle(Loginpage.java:49)
at com.actitime.Pages.Loginpage.verifyTitle(Loginpage.java:49)
at com.actitime.Pages.Loginpage.verifyTitle(Loginpage.java:49)
at com.actitime.Pages.Loginpage.verifyTitle(Loginpage.java:49)
at com.actitime.Pages.Loginpage.verifyTitle(Loginpage.java:49)
at com.actitime.Pages.Loginpage.verifyTitle(Loginpage.java:49)
at com.actitime.Pages.Loginpage.verifyTitle(Loginpage.java:49)
at com.actitime.Pages.Loginpage.verifyTitle(Loginpage.java:49)
at com.actitime.Pages.Loginpage.verifyTitle(Loginpage.java:49)
at com.actitime.Pages.Loginpage.verifyTitle(Loginpage.java:49)
at com.actitime.Pages.Loginpage.verifyTitle(Loginpage.java:49)
at com.actitime.Pages.Loginpage.verifyTitle(Loginpage.java:49)
at com.actitime.Pages.Loginpage.verifyTitle(Loginpage.java:49)
at com.actitime.Pages.Loginpage.verifyTitle(Loginpage.java:49)
at com.actitime.Pages.Loginpage.verifyTitle(Loginpage.java:49)
at com.actitime.Pages.Loginpage.verifyTitle(Loginpage.java:49)
at com.actitime.Pages.Loginpage.verifyTitle(Loginpage.java:49)
at com.actitime.Pages.Loginpage.verifyTitle(Loginpage.java:49)
at com.actitime.Pages.Loginpage.verifyTitle(Loginpage.java:49)
at com.actitime.Pages.Loginpage.verifyTitle(Loginpage.java:49)
at com.actitime.Pages.Loginpage.verifyTitle(Loginpage.java:49)
at com.actitime.Pages.Loginpage.verifyTitle(Loginpage.java:49)
at com.actitime.Pages.Loginpage.verifyTitle(Loginpage.java:49)
at com.actitime.Pages.Loginpage.verifyTitle(Loginpage.java:49)
at com.actitime.Pages.Loginpage.verifyTitle(Loginpage.java:49)
at com.actitime.Pages.Loginpage.verifyTitle(Loginpage.java:49)
at com.actitime.Pages.Loginpage.verifyTitle(Loginpage.java:49)
at com.actitime.Pages.Loginpage.verifyTitle(Loginpage.java:49)
at com.actitime.Pages.Loginpage.verifyTitle(Loginpage.java:49)
at com.actitime.Pages.Loginpage.verifyTitle(Loginpage.java:49)
at com.actitime.Pages.Loginpage.verifyTitle(Loginpage.java:49)
at com.actitime.Pages.Loginpage.verifyTitle(Loginpage.java:49)
at com.actitime.Pages.Loginpage.verifyTitle(Loginpage.java:49)
at com.actitime.Pages.Loginpage.verifyTitle(Loginpage.java:49)
at com.actitime.Pages.Loginpage.verifyTitle(Loginpage.java:49)
at com.actitime.Pages.Loginpage.verifyTitle(Loginpage.java:49)
at com.actitime.Pages.Loginpage.verifyTitle(Loginpage.java:49)
at com.actitime.Pages.Loginpage.verifyTitle(Loginpage.java:49)
at com.actitime.Pages.Loginpage.verifyTitle(Loginpage.java:49)
at com.actitime.Pages.Loginpage.verifyTitle(Loginpage.java:49)
at com.actitime.Pages.Loginpage.verifyTitle(Loginpage.java:49)
at com.actitime.Pages.Loginpage.verifyTitle(Loginpage.java:49)
at com.actitime.Pages.Loginpage.verifyTitle(Loginpage.java:49)
at com.actitime.Pages.Loginpage.verifyTitle(Loginpage.java:49)
at com.actitime.Pages.Loginpage.verifyTitle(Loginpage.java:49)
at com.actitime.Pages.Loginpage.verifyTitle(Loginpage.java:49)
at com.actitime.Pages.Loginpage.verifyTitle(Loginpage.java:49)
at com.actitime.Pages.Loginpage.verifyTitle(Loginpage.java:49)
at com.actitime.Pages.Loginpage.verifyTitle(Loginpage.java:49)
at com.actitime.Pages.Loginpage.verifyTitle(Loginpage.java:49)
at com.actitime.Pages.Loginpage.verifyTitle(Loginpage.java:49)
at com.actitime.Pages.Loginpage.verifyTitle(Loginpage.java:49)
at com.actitime.Pages.Loginpage.verifyTitle(Loginpage.java:49)
at com.actitime.Pages.Loginpage.verifyTitle(Loginpage.java:49)
at com.actitime.Pages.Loginpage.verifyTitle(Loginpage.java:49)
at com.actitime.Pages.Loginpage.verifyTitle(Loginpage.java:49)
at com.actitime.Pages.Loginpage.verifyTitle(Loginpage.java:49)
at com.actitime.Pages.Loginpage.verifyTitle(Loginpage.java:49)
at com.actitime.Pages.Loginpage.verifyTitle(Loginpage.java:49)
at com.actitime.Pages.Loginpage.verifyTitle(Loginpage.java:49)
at com.actitime.Pages.Loginpage.verifyTitle(Loginpage.java:49)
at com.actitime.Pages.Loginpage.verifyTitle(Loginpage.java:49)
at com.actitime.Pages.Loginpage.verifyTitle(Loginpage.java:49)
at com.actitime.Pages.Loginpage.verifyTitle(Loginpage.java:49)
at com.actitime.Pages.Loginpage.verifyTitle(Loginpage.java:49)
at com.actitime.Pages.Loginpage.verifyTitle(Loginpage.java:49)
at com.actitime.Pages.Loginpage.verifyTitle(Loginpage.java:49)
at com.actitime.Pages.Loginpage.verifyTitle(Loginpage.java:49)
at com.actitime.Pages.Loginpage.verifyTitle(Loginpage.java:49)
at com.actitime.Pages.Loginpage.verifyTitle(Loginpage.java:49)
at com.actitime.Pages.Loginpage.verifyTitle(Loginpage.java:49)
at com.actitime.Pages.Loginpage.verifyTitle(Loginpage.java:49)
at com.actitime.Pages.Loginpage.verifyTitle(Loginpage.java:49)
at com.actitime.Pages.Loginpage.verifyTitle(Loginpage.java:49)
at com.actitime.Pages.Loginpage.verifyTitle(Loginpage.java:49)
at com.actitime.Pages.Loginpage.verifyTitle(Loginpage.java:49)
at com.actitime.Pages.Loginpage.verifyTitle(Loginpage.java:49)
at com.actitime.Pages.Loginpage.verifyTitle(Loginpage.java:49)
at com.actitime.Pages.Loginpage.verifyTitle(Loginpage.java:49)
at com.actitime.Pages.Loginpage.verifyTitle(Loginpage.java:49)
at com.actitime.Pages.Loginpage.verifyTitle(Loginpage.java:49)
at com.actitime.Pages.Loginpage.verifyTitle(Loginpage.java:49)
at com.actitime.Pages.Loginpage.verifyTitle(Loginpage.java:49)
at com.actitime.Pages.Loginpage.verifyTitle(Loginpage.java:49)
at com.actitime.Pages.Loginpage.verifyTitle(Loginpage.java:49)
at com.actitime.Pages.Loginpage.verifyTitle(Loginpage.java:49)
at com.actitime.Pages.Loginpage.verifyTitle(Loginpage.java:49)
at com.actitime.Pages.Loginpage.verifyTitle(Loginpage.java:49)
at com.actitime.Pages.Loginpage.verifyTitle(Loginpage.java:49)
at com.actitime.Pages.Loginpage.verifyTitle(Loginpage.java:49)
at com.actitime.Pages.Loginpage.verifyTitle(Loginpage.java:49)
at com.actitime.Pages.Loginpage.verifyTitle(Loginpage.java:49)
at com.actitime.Pages.Loginpage.verifyTitle(Loginpage.java:49)
at com.actitime.Pages.Loginpage.verifyTitle(Loginpage.java:49)
at com.actitime.Pages.Loginpage.verifyTitle(Loginpage.java:49)
at com.actitime.Pages.Loginpage.verifyTitle(Loginpage.java:49)
at com.actitime.Pages.Loginpage.verifyTitle(Loginpage.java:49)
at com.actitime.Pages.Loginpage.verifyTitle(Loginpage.java:49)
at com.actitime.Pages.Loginpage.verifyTitle(Loginpage.java:49)
at com.actitime.Pages.Loginpage.verifyTitle(Loginpage.java:49)
at com.actitime.Pages.Loginpage.verifyTitle(Loginpage.java:49)
at com.actitime.Pages.Loginpage.verifyTitle(Loginpage.java:49)
at com.actitime.Pages.Loginpage.verifyTitle(Loginpage.java:49)
at com.actitime.Pages.Loginpage.verifyTitle(Loginpage.java:49)
at com.actitime.Pages.Loginpage.verifyTitle(Loginpage.java:49)
at com.actitime.Pages.Loginpage.verifyTitle(Loginpage.java:49)
at com.actitime.Pages.Loginpage.verifyTitle(Loginpage.java:49)
at com.actitime.Pages.Loginpage.verifyTitle(Loginpage.java:49)
at com.actitime.Pages.Loginpage.verifyTitle(Loginpage.java:49)
at com.actitime.Pages.Loginpage.verifyTitle(Loginpage.java:49)
at com.actitime.Pages.Loginpage.verifyTitle(Loginpage.java:49)
at com.actitime.Pages.Loginpage.verifyTitle(Loginpage.java:49)
at com.actitime.Pages.Loginpage.verifyTitle(Loginpage.java:49)
at com.actitime.Pages.Loginpage.verifyTitle(Loginpage.java:49)
at com.actitime.Pages.Loginpage.verifyTitle(Loginpage.java:49)
at com.actitime.Pages.Loginpage.verifyTitle(Loginpage.java:49)
at com.actitime.Pages.Loginpage.verifyTitle(Loginpage.java:49)
at com.actitime.Pages.Loginpage.verifyTitle(Loginpage.java:49)
at com.actitime.Pages.Loginpage.verifyTitle(Loginpage.java:49)
at com.actitime.Pages.Loginpage.verifyTitle(Loginpage.java:49)
at com.actitime.Pages.Loginpage.verifyTitle(Loginpage.java:49)
at com.actitime.Pages.Loginpage.verifyTitle(Loginpage.java:49)
at com.actitime.Pages.Loginpage.verifyTitle(Loginpage.java:49)
at com.actitime.Pages.Loginpage.verifyTitle(Loginpage.java:49)
at com.actitime.Pages.Loginpage.verifyTitle(Loginpage.java:49)
at com.actitime.Pages.Loginpage.verifyTitle(Loginpage.java:49)
at com.actitime.Pages.Loginpage.verifyTitle(Loginpage.java:49)
at com.actitime.Pages.Loginpage.verifyTitle(Loginpage.java:49)
at com.actitime.Pages.Loginpage.verifyTitle(Loginpage.java:49)
at com.actitime.Pages.Loginpage.verifyTitle(Loginpage.java:49)
at com.actitime.Pages.Loginpage.verifyTitle(Loginpage.java:49)
at com.actitime.Pages.Loginpage.verifyTitle(Loginpage.java:49)
at com.actitime.Pages.Loginpage.verifyTitle(Loginpage.java:49)
at com.actitime.Pages.Loginpage.verifyTitle(Loginpage.java:49)
at com.actitime.Pages.Loginpage.verifyTitle(Loginpage.java:49)
at com.actitime.Pages.Loginpage.verifyTitle(Loginpage.java:49)
at com.actitime.Pages.Loginpage.verifyTitle(Loginpage.java:49)
at com.actitime.Pages.Loginpage.verifyTitle(Loginpage.java:49)
at com.actitime.Pages.Loginpage.verifyTitle(Loginpage.java:49)
at com.actitime.Pages.Loginpage.verifyTitle(Loginpage.java:49)
at com.actitime.Pages.Loginpage.verifyTitle(Loginpage.java:49)
at com.actitime.Pages.Loginpage.verifyTitle(Loginpage.java:49)
at com.actitime.Pages.Loginpage.verifyTitle(Loginpage.java:49)
at com.actitime.Pages.Loginpage.verifyTitle(Loginpage.java:49)
at com.actitime.Pages.Loginpage.verifyTitle(Loginpage.java:49)
at com.actitime.Pages.Loginpage.verifyTitle(Loginpage.java:49)
at com.actitime.Pages.Loginpage.verifyTitle(Loginpage.java:49)
at com.actitime.Pages.Loginpage.verifyTitle(Loginpage.java:49)
at com.actitime.Pages.Loginpage.verifyTitle(Loginpage.java:49)
at com.actitime.Pages.Loginpage.verifyTitle(Loginpage.java:49)
at com.actitime.Pages.Loginpage.verifyTitle(Loginpage.java:49)
at com.actitime.Pages.Loginpage.verifyTitle(Loginpage.java:49)
at com.actitime.Pages.Loginpage.verifyTitle(Loginpage.java:49)
at com.actitime.Pages.Loginpage.verifyTitle(Loginpage.java:49)
at com.actitime.Pages.Loginpage.verifyTitle(Loginpage.java:49)
at com.actitime.Pages.Loginpage.verifyTitle(Loginpage.java:49)
at com.actitime.Pages.Loginpage.verifyTitle(Loginpage.java:49)
at com.actitime.Pages.Loginpage.verifyTitle(Loginpage.java:49)
at com.actitime.Pages.Loginpage.verifyTitle(Loginpage.java:49)
at com.actitime.Pages.Loginpage.verifyTitle(Loginpage.java:49)
at com.actitime.Pages.Loginpage.verifyTitle(Loginpage.java:49)
at com.actitime.Pages.Loginpage.verifyTitle(Loginpage.java:49)
at com.actitime.Pages.Loginpage.verifyTitle(Loginpage.java:49)
at com.actitime.Pages.Loginpage.verifyTitle(Loginpage.java:49)
at com.actitime.Pages.Loginpage.verifyTitle(Loginpage.java:49)
at com.actitime.Pages.Loginpage.verifyTitle(Loginpage.java:49)
at com.actitime.Pages.Loginpage.verifyTitle(Loginpage.java:49)
at com.actitime.Pages.Loginpage.verifyTitle(Loginpage.java:49)
at com.actitime.Pages.Loginpage.verifyTitle(Loginpage.java:49)
at com.actitime.Pages.Loginpage.verifyTitle(Loginpage.java:49)
at com.actitime.Pages.Loginpage.verifyTitle(Loginpage.java:49)
at com.actitime.Pages.Loginpage.verifyTitle(Loginpage.java:49)
at com.actitime.Pages.Loginpage.verifyTitle(Loginpage.java:49)
at com.actitime.Pages.Loginpage.verifyTitle(Loginpage.java:49)
at com.actitime.Pages.Loginpage.verifyTitle(Loginpage.java:49)
at com.actitime.Pages.Loginpage.verifyTitle(Loginpage.java:49)
at com.actitime.Pages.Loginpage.verifyTitle(Loginpage.java:49)
at com.actitime.Pages.Loginpage.verifyTitle(Loginpage.java:49)
at com.actitime.Pages.Loginpage.verifyTitle(Loginpage.java:49)
at com.actitime.Pages.Loginpage.verifyTitle(Loginpage.java:49)
at com.actitime.Pages.Loginpage.verifyTitle(Loginpage.java:49)
at com.actitime.Pages.Loginpage.verifyTitle(Loginpage.java:49)
at com.actitime.Pages.Loginpage.verifyTitle(Loginpage.java:49)
at com.actitime.Pages.Loginpage.verifyTitle(Loginpage.java:49)
at com.actitime.Pages.Loginpage.verifyTitle(Loginpage.java:49)
at com.actitime.Pages.Loginpage.verifyTitle(Loginpage.java:49)
at com.actitime.Pages.Loginpage.verifyTitle(Loginpage.java:49)
at com.actitime.Pages.Loginpage.verifyTitle(Loginpage.java:49)
at com.actitime.Pages.Loginpage.verifyTitle(Loginpage.java:49)
at com.actitime.Pages.Loginpage.verifyTitle(Loginpage.java:49)
at com.actitime.Pages.Loginpage.verifyTitle(Loginpage.java:49)
at com.actitime.Pages.Loginpage.verifyTitle(Loginpage.java:49)
at com.actitime.Pages.Loginpage.verifyTitle(Loginpage.java:49)
at com.actitime.Pages.Loginpage.verifyTitle(Loginpage.java:49)
at com.actitime.Pages.Loginpage.verifyTitle(Loginpage.java:49)
at com.actitime.Pages.Loginpage.verifyTitle(Loginpage.java:49)
at com.actitime.Pages.Loginpage.verifyTitle(Loginpage.java:49)
at com.actitime.Pages.Loginpage.verifyTitle(Loginpage.java:49)
at com.actitime.Pages.Loginpage.verifyTitle(Loginpage.java:49)
at com.actitime.Pages.Loginpage.verifyTitle(Loginpage.java:49)
at com.actitime.Pages.Loginpage.verifyTitle(Loginpage.java:49)
at com.actitime.Pages.Loginpage.verifyTitle(Loginpage.java:49)
at com.actitime.Pages.Loginpage.verifyTitle(Loginpage.java:49)
at com.actitime.Pages.Loginpage.verifyTitle(Loginpage.java:49)
at com.actitime.Pages.Loginpage.verifyTitle(Loginpage.java:49)
at com.actitime.Pages.Loginpage.verifyTitle(Loginpage.java:49)
at com.actitime.Pages.Loginpage.verifyTitle(Loginpage.java:49)
at com.actitime.Pages.Loginpage.verifyTitle(Loginpage.java:49)
at com.actitime.Pages.Loginpage.verifyTitle(Loginpage.java:49)
at com.actitime.Pages.Loginpage.verifyTitle(Loginpage.java:49)
at com.actitime.Pages.Loginpage.verifyTitle(Loginpage.java:49)
at com.actitime.Pages.Loginpage.verifyTitle(Loginpage.java:49)
at com.actitime.Pages.Loginpage.verifyTitle(Loginpage.java:49)
at com.actitime.Pages.Loginpage.verifyTitle(Loginpage.java:49)
at com.actitime.Pages.Loginpage.verifyTitle(Loginpage.java:49)
at com.actitime.Pages.Loginpage.verifyTitle(Loginpage.java:49)
at com.actitime.Pages.Loginpage.verifyTitle(Loginpage.java:49)
at com.actitime.Pages.Loginpage.verifyTitle(Loginpage.java:49)
at com.actitime.Pages.Loginpage.verifyTitle(Loginpage.java:49)
at com.actitime.Pages.Loginpage.verifyTitle(Loginpage.java:49)
at com.actitime.Pages.Loginpage.verifyTitle(Loginpage.java:49)
at com.actitime.Pages.Loginpage.verifyTitle(Loginpage.java:49)
at com.actitime.Pages.Loginpage.verifyTitle(Loginpage.java:49)
at com.actitime.Pages.Loginpage.verifyTitle(Loginpage.java:49)
at com.actitime.Pages.Loginpage.verifyTitle(Loginpage.java:49)
at com.actitime.Pages.Loginpage.verifyTitle(Loginpage.java:49)
at com.actitime.Pages.Loginpage.verifyTitle(Loginpage.java:49)
at com.actitime.Pages.Loginpage.verifyTitle(Loginpage.java:49)
at com.actitime.Pages.Loginpage.verifyTitle(Loginpage.java:49)
at com.actitime.Pages.Loginpage.verifyTitle(Loginpage.java:49)
at com.actitime.Pages.Loginpage.verifyTitle(Loginpage.java:49)
at com.actitime.Pages.Loginpage.verifyTitle(Loginpage.java:49)
at com.actitime.Pages.Loginpage.verifyTitle(Loginpage.java:49)
at com.actitime.Pages.Loginpage.verifyTitle(Loginpage.java:49)
at com.actitime.Pages.Loginpage.verifyTitle(Loginpage.java:49)
at com.actitime.Pages.Loginpage.verifyTitle(Loginpage.java:49)
at com.actitime.Pages.Loginpage.verifyTitle(Loginpage.java:49)
at com.actitime.Pages.Loginpage.verifyTitle(Loginpage.java:49)
at com.actitime.Pages.Loginpage.verifyTitle(Loginpage.java:49)
at com.actitime.Pages.Loginpage.verifyTitle(Loginpage.java:49)
at com.actitime.Pages.Loginpage.verifyTitle(Loginpage.java:49)
at com.actitime.Pages.Loginpage.verifyTitle(Loginpage.java:49)
at com.actitime.Pages.Loginpage.verifyTitle(Loginpage.java:49)
at com.actitime.Pages.Loginpage.verifyTitle(Loginpage.java:49)
at com.actitime.Pages.Loginpage.verifyTitle(Loginpage.java:49)
at com.actitime.Pages.Loginpage.verifyTitle(Loginpage.java:49)
at com.actitime.Pages.Loginpage.verifyTitle(Loginpage.java:49)
at com.actitime.Pages.Loginpage.verifyTitle(Loginpage.java:49)
at com.actitime.Pages.Loginpage.verifyTitle(Loginpage.java:49)
at com.actitime.Pages.Loginpage.verifyTitle(Loginpage.java:49)
at com.actitime.Pages.Loginpage.verifyTitle(Loginpage.java:49)
at com.actitime.Pages.Loginpage.verifyTitle(Loginpage.java:49)
at com.actitime.Pages.Loginpage.verifyTitle(Loginpage.java:49)
at com.actitime.Pages.Loginpage.verifyTitle(Loginpage.java:49)
at com.actitime.Pages.Loginpage.verifyTitle(Loginpage.java:49)
at com.actitime.Pages.Loginpage.verifyTitle(Loginpage.java:49)
at com.actitime.Pages.Loginpage.verifyTitle(Loginpage.java:49)
at com.actitime.Pages.Loginpage.verifyTitle(Loginpage.java:49)
at com.actitime.Pages.Loginpage.verifyTitle(Loginpage.java:49)
at com.actitime.Pages.Loginpage.verifyTitle(Loginpage.java:49)
at com.actitime.Pages.Loginpage.verifyTitle(Loginpage.java:49)
at com.actitime.Pages.Loginpage.verifyTitle(Loginpage.java:49)
at com.actitime.Pages.Loginpage.verifyTitle(Loginpage.java:49)
at com.actitime.Pages.Loginpage.verifyTitle(Loginpage.java:49)
at com.actitime.Pages.Loginpage.verifyTitle(Loginpage.java:49)
at com.actitime.Pages.Loginpage.verifyTitle(Loginpage.java:49)
at com.actitime.Pages.Loginpage.verifyTitle(Loginpage.java:49)
at com.actitime.Pages.Loginpage.verifyTitle(Loginpage.java:49)
at com.actitime.Pages.Loginpage.verifyTitle(Loginpage.java:49)
at com.actitime.Pages.Loginpage.verifyTitle(Loginpage.java:49)
at com.actitime.Pages.Loginpage.verifyTitle(Loginpage.java:49)
at com.actitime.Pages.Loginpage.verifyTitle(Loginpage.java:49)
at com.actitime.Pages.Loginpage.verifyTitle(Loginpage.java:49)
at com.actitime.Pages.Loginpage.verifyTitle(Loginpage.java:49)
at com.actitime.Pages.Loginpage.verifyTitle(Loginpage.java:49)
at com.actitime.Pages.Loginpage.verifyTitle(Loginpage.java:49)
at com.actitime.Pages.Loginpage.verifyTitle(Loginpage.java:49)
at com.actitime.Pages.Loginpage.verifyTitle(Loginpage.java:49)
at com.actitime.Pages.Loginpage.verifyTitle(Loginpage.java:49)
at com.actitime.Pages.Loginpage.verifyTitle(Loginpage.java:49)
at com.actitime.Pages.Loginpage.verifyTitle(Loginpage.java:49)
at com.actitime.Pages.Loginpage.verifyTitle(Loginpage.java:49)
at com.actitime.Pages.Loginpage.verifyTitle(Loginpage.java:49)
at com.actitime.Pages.Loginpage.verifyTitle(Loginpage.java:49)
at com.actitime.Pages.Loginpage.verifyTitle(Loginpage.java:49)
at com.actitime.Pages.Loginpage.verifyTitle(Loginpage.java:49)
at com.actitime.Pages.Loginpage.verifyTitle(Loginpage.java:49)
at com.actitime.Pages.Loginpage.verifyTitle(Loginpage.java:49)
at com.actitime.Pages.Loginpage.verifyTitle(Loginpage.java:49)
at com.actitime.Pages.Loginpage.verifyTitle(Loginpage.java:49)
at com.actitime.Pages.Loginpage.verifyTitle(Loginpage.java:49)
at com.actitime.Pages.Loginpage.verifyTitle(Loginpage.java:49)
at com.actitime.Pages.Loginpage.verifyTitle(Loginpage.java:49)
at com.actitime.Pages.Loginpage.verifyTitle(Loginpage.java:49)
at com.actitime.Pages.Loginpage.verifyTitle(Loginpage.java:49)
at com.actitime.Pages.Loginpage.verifyTitle(Loginpage.java:49)
at com.actitime.Pages.Loginpage.verifyTitle(Loginpage.java:49)
at com.actitime.Pages.Loginpage.verifyTitle(Loginpage.java:49)
at com.actitime.Pages.Loginpage.verifyTitle(Loginpage.java:49)
at com.actitime.Pages.Loginpage.verifyTitle(Loginpage.java:49)
at com.actitime.Pages.Loginpage.verifyTitle(Loginpage.java:49)
at com.actitime.Pages.Loginpage.verifyTitle(Loginpage.java:49)
at com.actitime.Pages.Loginpage.verifyTitle(Loginpage.java:49)
at com.actitime.Pages.Loginpage.verifyTitle(Loginpage.java:49)
at com.actitime.Pages.Loginpage.verifyTitle(Loginpage.java:49)
at com.actitime.Pages.Loginpage.verifyTitle(Loginpage.java:49)
at com.actitime.Pages.Loginpage.verifyTitle(Loginpage.java:49)
at com.actitime.Pages.Loginpage.verifyTitle(Loginpage.java:49)
at com.actitime.Pages.Loginpage.verifyTitle(Loginpage.java:49)
at com.actitime.Pages.Loginpage.verifyTitle(Loginpage.java:49)
at com.actitime.Pages.Loginpage.verifyTitle(Loginpage.java:49)
at com.actitime.Pages.Loginpage.verifyTitle(Loginpage.java:49)
at com.actitime.Pages.Loginpage.verifyTitle(Loginpage.java:49)
at com.actitime.Pages.Loginpage.verifyTitle(Loginpage.java:49)
at com.actitime.Pages.Loginpage.verifyTitle(Loginpage.java:49)
at com.actitime.Pages.Loginpage.verifyTitle(Loginpage.java:49)
at com.actitime.Pages.Loginpage.verifyTitle(Loginpage.java:49)
at com.actitime.Pages.Loginpage.verifyTitle(Loginpage.java:49)
at com.actitime.Pages.Loginpage.verifyTitle(Loginpage.java:49)
at com.actitime.Pages.Loginpage.verifyTitle(Loginpage.java:49)
at com.actitime.Pages.Loginpage.verifyTitle(Loginpage.java:49)
at com.actitime.Pages.Loginpage.verifyTitle(Loginpage.java:49)
at com.actitime.Pages.Loginpage.verifyTitle(Loginpage.java:49)
at com.actitime.Pages.Loginpage.verifyTitle(Loginpage.java:49)
at com.actitime.Pages.Loginpage.verifyTitle(Loginpage.java:49)
at com.actitime.Pages.Loginpage.verifyTitle(Loginpage.java:49)
at com.actitime.Pages.Loginpage.verifyTitle(Loginpage.java:49)
at com.actitime.Pages.Loginpage.verifyTitle(Loginpage.java:49)
at com.actitime.Pages.Loginpage.verifyTitle(Loginpage.java:49)
at com.actitime.Pages.Loginpage.verifyTitle(Loginpage.java:49)
at com.actitime.Pages.Loginpage.verifyTitle(Loginpage.java:49)
at com.actitime.Pages.Loginpage.verifyTitle(Loginpage.java:49)
at com.actitime.Pages.Loginpage.verifyTitle(Loginpage.java:49)
at com.actitime.Pages.Loginpage.verifyTitle(Loginpage.java:49)
at com.actitime.Pages.Loginpage.verifyTitle(Loginpage.java:49)
at com.actitime.Pages.Loginpage.verifyTitle(Loginpage.java:49)
at com.actitime.Pages.Loginpage.verifyTitle(Loginpage.java:49)
at com.actitime.Pages.Loginpage.verifyTitle(Loginpage.java:49)
at com.actitime.Pages.Loginpage.verifyTitle(Loginpage.java:49)
at com.actitime.Pages.Loginpage.verifyTitle(Loginpage.java:49)
at com.actitime.Pages.Loginpage.verifyTitle(Loginpage.java:49)
at com.actitime.Pages.Loginpage.verifyTitle(Loginpage.java:49)
at com.actitime.Pages.Loginpage.verifyTitle(Loginpage.java:49)
at com.actitime.Pages.Loginpage.verifyTitle(Loginpage.java:49)
at com.actitime.Pages.Loginpage.verifyTitle(Loginpage.java:49)
at com.actitime.Pages.Loginpage.verifyTitle(Loginpage.java:49)
at com.actitime.Pages.Loginpage.verifyTitle(Loginpage.java:49)
at com.actitime.Pages.Loginpage.verifyTitle(Loginpage.java:49)
at com.actitime.Pages.Loginpage.verifyTitle(Loginpage.java:49)
at com.actitime.Pages.Loginpage.verifyTitle(Loginpage.java:49)
at com.actitime.Pages.Loginpage.verifyTitle(Loginpage.java:49)
at com.actitime.Pages.Loginpage.verifyTitle(Loginpage.java:49)
at com.actitime.Pages.Loginpage.verifyTitle(Loginpage.java:49)
at com.actitime.Pages.Loginpage.verifyTitle(Loginpage.java:49)
at com.actitime.Pages.Loginpage.verifyTitle(Loginpage.java:49)
at com.actitime.Pages.Loginpage.verifyTitle(Loginpage.java:49)
at com.actitime.Pages.Loginpage.verifyTitle(Loginpage.java:49)
at com.actitime.Pages.Loginpage.verifyTitle(Loginpage.java:49)
at com.actitime.Pages.Loginpage.verifyTitle(Loginpage.java:49)
at com.actitime.Pages.Loginpage.verifyTitle(Loginpage.java:49)
at com.actitime.Pages.Loginpage.verifyTitle(Loginpage.java:49)
at com.actitime.Pages.Loginpage.verifyTitle(Loginpage.java:49)
at com.actitime.Pages.Loginpage.verifyTitle(Loginpage.java:49)
at com.actitime.Pages.Loginpage.verifyTitle(Loginpage.java:49)
at com.actitime.Pages.Loginpage.verifyTitle(Loginpage.java:49)
at com.actitime.Pages.Loginpage.verifyTitle(Loginpage.java:49)
at com.actitime.Pages.Loginpage.verifyTitle(Loginpage.java:49)
at com.actitime.Pages.Loginpage.verifyTitle(Loginpage.java:49)
at com.actitime.Pages.Loginpage.verifyTitle(Loginpage.java:49)
at com.actitime.Pages.Loginpage.verifyTitle(Loginpage.java:49)
at com.actitime.Pages.Loginpage.verifyTitle(Loginpage.java:49)
at com.actitime.Pages.Loginpage.verifyTitle(Loginpage.java:49)
at com.actitime.Pages.Loginpage.verifyTitle(Loginpage.java:49)
at com.actitime.Pages.Loginpage.verifyTitle(Loginpage.java:49)
at com.actitime.Pages.Loginpage.verifyTitle(Loginpage.java:49)
at com.actitime.Pages.Loginpage.verifyTitle(Loginpage.java:49)
at com.actitime.Pages.Loginpage.verifyTitle(Loginpage.java:49)
at com.actitime.Pages.Loginpage.verifyTitle(Loginpage.java:49)
at com.actitime.Pages.Loginpage.verifyTitle(Loginpage.java:49)
at com.actitime.Pages.Loginpage.verifyTitle(Loginpage.java:49)
at com.actitime.Pages.Loginpage.verifyTitle(Loginpage.java:49)
at com.actitime.Pages.Loginpage.verifyTitle(Loginpage.java:49)
at com.actitime.Pages.Loginpage.verifyTitle(Loginpage.java:49)
at com.actitime.Pages.Loginpage.verifyTitle(Loginpage.java:49)
at com.actitime.Pages.Loginpage.verifyTitle(Loginpage.java:49)
at com.actitime.Pages.Loginpage.verifyTitle(Loginpage.java:49)
at com.actitime.Pages.Loginpage.verifyTitle(Loginpage.java:49)
at com.actitime.Pages.Loginpage.verifyTitle(Loginpage.java:49)
at com.actitime.Pages.Loginpage.verifyTitle(Loginpage.java:49)
at com.actitime.Pages.Loginpage.verifyTitle(Loginpage.java:49)
at com.actitime.Pages.Loginpage.verifyTitle(Loginpage.java:49)
at com.actitime.Pages.Loginpage.verifyTitle(Loginpage.java:49)
at com.actitime.Pages.Loginpage.verifyTitle(Loginpage.java:49)
at com.actitime.Pages.Loginpage.verifyTitle(Loginpage.java:49)
at com.actitime.Pages.Loginpage.verifyTitle(Loginpage.java:49)
at com.actitime.Pages.Loginpage.verifyTitle(Loginpage.java:49)
at com.actitime.Pages.Loginpage.verifyTitle(Loginpage.java:49)
at com.actitime.Pages.Loginpage.verifyTitle(Loginpage.java:49)
at com.actitime.Pages.Loginpage.verifyTitle(Loginpage.java:49)
at com.actitime.Pages.Loginpage.verifyTitle(Loginpage.java:49)
at com.actitime.Pages.Loginpage.verifyTitle(Loginpage.java:49)
at com.actitime.Pages.Loginpage.verifyTitle(Loginpage.java:49)
at com.actitime.Pages.Loginpage.verifyTitle(Loginpage.java:49)
at com.actitime.Pages.Loginpage.verifyTitle(Loginpage.java:49)
at com.actitime.Pages.Loginpage.verifyTitle(Loginpage.java:49)
at com.actitime.Pages.Loginpage.verifyTitle(Loginpage.java:49)
at com.actitime.Pages.Loginpage.verifyTitle(Loginpage.java:49)
at com.actitime.Pages.Loginpage.verifyTitle(Loginpage.java:49)
at com.actitime.Pages.Loginpage.verifyTitle(Loginpage.java:49)
at com.actitime.Pages.Loginpage.verifyTitle(Loginpage.java:49)
at com.actitime.Pages.Loginpage.verifyTitle(Loginpage.java:49)
at com.actitime.Pages.Loginpage.verifyTitle(Loginpage.java:49)
at com.actitime.Pages.Loginpage.verifyTitle(Loginpage.java:49)
at com.actitime.Pages.Loginpage.verifyTitle(Loginpage.java:49)
at com.actitime.Pages.Loginpage.verifyTitle(Loginpage.java:49)
at com.actitime.Pages.Loginpage.verifyTitle(Loginpage.java:49)
at com.actitime.Pages.Loginpage.verifyTitle(Loginpage.java:49)
at com.actitime.Pages.Loginpage.verifyTitle(Loginpage.java:49)
at com.actitime.Pages.Loginpage.verifyTitle(Loginpage.java:49)
at com.actitime.Pages.Loginpage.verifyTitle(Loginpage.java:49)
at com.actitime.Pages.Loginpage.verifyTitle(Loginpage.java:49)
at com.actitime.Pages.Loginpage.verifyTitle(Loginpage.java:49)
at com.actitime.Pages.Loginpage.verifyTitle(Loginpage.java:49)
at com.actitime.Pages.Loginpage.verifyTitle(Loginpage.java:49)
at com.actitime.Pages.Loginpage.verifyTitle(Loginpage.java:49)
at com.actitime.Pages.Loginpage.verifyTitle(Loginpage.java:49)
at com.actitime.Pages.Loginpage.verifyTitle(Loginpage.java:49)
at com.actitime.Pages.Loginpage.verifyTitle(Loginpage.java:49)
at com.actitime.Pages.Loginpage.verifyTitle(Loginpage.java:49)
at com.actitime.Pages.Loginpage.verifyTitle(Loginpage.java:49)
at com.actitime.Pages.Loginpage.verifyTitle(Loginpage.java:49)
at com.actitime.Pages.Loginpage.verifyTitle(Loginpage.java:49)
at com.actitime.Pages.Loginpage.verifyTitle(Loginpage.java:49)
at com.actitime.Pages.Loginpage.verifyTitle(Loginpage.java:49)
at com.actitime.Pages.Loginpage.verifyTitle(Loginpage.java:49)
at com.actitime.Pages.Loginpage.verifyTitle(Loginpage.java:49)
at com.actitime.Pages.Loginpage.verifyTitle(Loginpage.java:49)
at com.actitime.Pages.Loginpage.verifyTitle(Loginpage.java:49)
at com.actitime.Pages.Loginpage.verifyTitle(Loginpage.java:49)
at com.actitime.Pages.Loginpage.verifyTitle(Loginpage.java:49)
at com.actitime.Pages.Loginpage.verifyTitle(Loginpage.java:49)
at com.actitime.Pages.Loginpage.verifyTitle(Loginpage.java:49)
at com.actitime.Pages.Loginpage.verifyTitle(Loginpage.java:49)
at com.actitime.Pages.Loginpage.verifyTitle(Loginpage.java:49)
at com.actitime.Pages.Loginpage.verifyTitle(Loginpage.java:49)
at com.actitime.Pages.Loginpage.verifyTitle(Loginpage.java:49)
at com.actitime.Pages.Loginpage.verifyTitle(Loginpage.java:49)
at com.actitime.Pages.Loginpage.verifyTitle(Loginpage.java:49)
at com.actitime.Pages.Loginpage.verifyTitle(Loginpage.java:49)
at com.actitime.Pages.Loginpage.verifyTitle(Loginpage.java:49)
at com.actitime.Pages.Loginpage.verifyTitle(Loginpage.java:49)
at com.actitime.Pages.Loginpage.verifyTitle(Loginpage.java:49)
at com.actitime.Pages.Loginpage.verifyTitle(Loginpage.java:49)
at com.actitime.Pages.Loginpage.verifyTitle(Loginpage.java:49)
at com.actitime.Pages.Loginpage.verifyTitle(Loginpage.java:49)
at com.actitime.Pages.Loginpage.verifyTitle(Loginpage.java:49)
at com.actitime.Pages.Loginpage.verifyTitle(Loginpage.java:49)
at com.actitime.Pages.Loginpage.verifyTitle(Loginpage.java:49)
at com.actitime.Pages.Loginpage.verifyTitle(Loginpage.java:49)
at com.actitime.Pages.Loginpage.verifyTitle(Loginpage.java:49)
at com.actitime.Pages.Loginpage.verifyTitle(Loginpage.java:49)
at com.actitime.Pages.Loginpage.verifyTitle(Loginpage.java:49)
at com.actitime.Pages.Loginpage.verifyTitle(Loginpage.java:49)
at com.actitime.Pages.Loginpage.verifyTitle(Loginpage.java:49)
at com.actitime.Pages.Loginpage.verifyTitle(Loginpage.java:49)
at com.actitime.Pages.Loginpage.verifyTitle(Loginpage.java:49)
at com.actitime.Pages.Loginpage.verifyTitle(Loginpage.java:49)
at com.actitime.Pages.Loginpage.verifyTitle(Loginpage.java:49)
at com.actitime.Pages.Loginpage.verifyTitle(Loginpage.java:49)
at com.actitime.Pages.Loginpage.verifyTitle(Loginpage.java:49)
at com.actitime.Pages.Loginpage.verifyTitle(Loginpage.java:49)
at com.actitime.Pages.Loginpage.verifyTitle(Loginpage.java:49)
at com.actitime.Pages.Loginpage.verifyTitle(Loginpage.java:49)
at com.actitime.Pages.Loginpage.verifyTitle(Loginpage.java:49)
at com.actitime.Pages.Loginpage.verifyTitle(Loginpage.java:49)
at com.actitime.Pages.Loginpage.verifyTitle(Loginpage.java:49)
at com.actitime.Pages.Loginpage.verifyTitle(Loginpage.java:49)
at com.actitime.Pages.Loginpage.verifyTitle(Loginpage.java:49)
at com.actitime.Pages.Loginpage.verifyTitle(Loginpage.java:49)
at com.actitime.Pages.Loginpage.verifyTitle(Loginpage.java:49)
at com.actitime.Pages.Loginpage.verifyTitle(Loginpage.java:49)
at com.actitime.Pages.Loginpage.verifyTitle(Loginpage.java:49)
at com.actitime.Pages.Loginpage.verifyTitle(Loginpage.java:49)
at com.actitime.Pages.Loginpage.verifyTitle(Loginpage.java:49)
at com.actitime.Pages.Loginpage.verifyTitle(Loginpage.java:49)
at com.actitime.Pages.Loginpage.verifyTitle(Loginpage.java:49)
at com.actitime.Pages.Loginpage.verifyTitle(Loginpage.java:49)
at com.actitime.Pages.Loginpage.verifyTitle(Loginpage.java:49)
at com.actitime.Pages.Loginpage.verifyTitle(Loginpage.java:49)
at com.actitime.Pages.Loginpage.verifyTitle(Loginpage.java:49)
at com.actitime.Pages.Loginpage.verifyTitle(Loginpage.java:49)
at com.actitime.Pages.Loginpage.verifyTitle(Loginpage.java:49)
at com.actitime.Pages.Loginpage.verifyTitle(Loginpage.java:49)
at com.actitime.Pages.Loginpage.verifyTitle(Loginpage.java:49)
at com.actitime.Pages.Loginpage.verifyTitle(Loginpage.java:49)
at com.actitime.Pages.Loginpage.verifyTitle(Loginpage.java:49)
at com.actitime.Pages.Loginpage.verifyTitle(Loginpage.java:49)
at com.actitime.Pages.Loginpage.verifyTitle(Loginpage.java:49)
at com.actitime.Pages.Loginpage.verifyTitle(Loginpage.java:49)
at com.actitime.Pages.Loginpage.verifyTitle(Loginpage.java:49)
at com.actitime.Pages.Loginpage.verifyTitle(Loginpage.java:49)
at com.actitime.Pages.Loginpage.verifyTitle(Loginpage.java:49)
at com.actitime.Pages.Loginpage.verifyTitle(Loginpage.java:49)
at com.actitime.Pages.Loginpage.verifyTitle(Loginpage.java:49)
at com.actitime.Pages.Loginpage.verifyTitle(Loginpage.java:49)
at com.actitime.Pages.Loginpage.verifyTitle(Loginpage.java:49)
at com.actitime.Pages.Loginpage.verifyTitle(Loginpage.java:49)
at com.actitime.Pages.Loginpage.verifyTitle(Loginpage.java:49)
at com.actitime.Pages.Loginpage.verifyTitle(Loginpage.java:49)
at com.actitime.Pages.Loginpage.verifyTitle(Loginpage.java:49)
at com.actitime.Pages.Loginpage.verifyTitle(Loginpage.java:49)
at com.actitime.Pages.Loginpage.verifyTitle(Loginpage.java:49)
at com.actitime.Pages.Loginpage.verifyTitle(Loginpage.java:49)
at com.actitime.Pages.Loginpage.verifyTitle(Loginpage.java:49)
at com.actitime.Pages.Loginpage.verifyTitle(Loginpage.java:49)
at com.actitime.Pages.Loginpage.verifyTitle(Loginpage.java:49)
at com.actitime.Pages.Loginpage.verifyTitle(Loginpage.java:49)
at com.actitime.Pages.Loginpage.verifyTitle(Loginpage.java:49)
at com.actitime.Pages.Loginpage.verifyTitle(Loginpage.java:49)
at com.actitime.Pages.Loginpage.verifyTitle(Loginpage.java:49)
at com.actitime.Pages.Loginpage.verifyTitle(Loginpage.java:49)
at com.actitime.Pages.Loginpage.verifyTitle(Loginpage.java:49)
at com.actitime.Pages.Loginpage.verifyTitle(Loginpage.java:49)
at com.actitime.Pages.Loginpage.verifyTitle(Loginpage.java:49)
at com.actitime.Pages.Loginpage.verifyTitle(Loginpage.java:49)
at com.actitime.Pages.Loginpage.verifyTitle(Loginpage.java:49)
at com.actitime.Pages.Loginpage.verifyTitle(Loginpage.java:49)
at com.actitime.Pages.Loginpage.verifyTitle(Loginpage.java:49)
at com.actitime.Pages.Loginpage.verifyTitle(Loginpage.java:49)
at com.actitime.Pages.Loginpage.verifyTitle(Loginpage.java:49)
at com.actitime.Pages.Loginpage.verifyTitle(Loginpage.java:49)
at com.actitime.Pages.Loginpage.verifyTitle(Loginpage.java:49)
at com.actitime.Pages.Loginpage.verifyTitle(Loginpage.java:49)
at com.actitime.Pages.Loginpage.verifyTitle(Loginpage.java:49)
at com.actitime.Pages.Loginpage.verifyTitle(Loginpage.java:49)
at com.actitime.Pages.Loginpage.verifyTitle(Loginpage.java:49)
at com.actitime.Pages.Loginpage.verifyTitle(Loginpage.java:49)
at com.actitime.Pages.Loginpage.verifyTitle(Loginpage.java:49)
at com.actitime.Pages.Loginpage.verifyTitle(Loginpage.java:49)
at com.actitime.Pages.Loginpage.verifyTitle(Loginpage.java:49)
at com.actitime.Pages.Loginpage.verifyTitle(Loginpage.java:49)
at com.actitime.Pages.Loginpage.verifyTitle(Loginpage.java:49)
at com.actitime.Pages.Loginpage.verifyTitle(Loginpage.java:49)
at com.actitime.Pages.Loginpage.verifyTitle(Loginpage.java:49)
at com.actitime.Pages.Loginpage.verifyTitle(Loginpage.java:49)
at com.actitime.Pages.Loginpage.verifyTitle(Loginpage.java:49)
at com.actitime.Pages.Loginpage.verifyTitle(Loginpage.java:49)
at com.actitime.Pages.Loginpage.verifyTitle(Loginpage.java:49)
at com.actitime.Pages.Loginpage.verifyTitle(Loginpage.java:49)
at com.actitime.Pages.Loginpage.verifyTitle(Loginpage.java:49)
at com.actitime.Pages.Loginpage.verifyTitle(Loginpage.java:49)
at com.actitime.Pages.Loginpage.verifyTitle(Loginpage.java:49)
at com.actitime.Pages.Loginpage.verifyTitle(Loginpage.java:49)
at com.actitime.Pages.Loginpage.verifyTitle(Loginpage.java:49)
at com.actitime.Pages.Loginpage.verifyTitle(Loginpage.java:49)
at com.actitime.Pages.Loginpage.verifyTitle(Loginpage.java:49)
at com.actitime.Pages.Loginpage.verifyTitle(Loginpage.java:49)
at com.actitime.Pages.Loginpage.verifyTitle(Loginpage.java:49)
at com.actitime.Pages.Loginpage.verifyTitle(Loginpage.java:49)
at com.actitime.Pages.Loginpage.verifyTitle(Loginpage.java:49)
at com.actitime.Pages.Loginpage.verifyTitle(Loginpage.java:49)
at com.actitime.Pages.Loginpage.verifyTitle(Loginpage.java:49)
at com.actitime.Pages.Loginpage.verifyTitle(Loginpage.java:49)
at com.actitime.Pages.Loginpage.verifyTitle(Loginpage.java:49)
at com.actitime.Pages.Loginpage.verifyTitle(Loginpage.java:49)
at com.actitime.Pages.Loginpage.verifyTitle(Loginpage.java:49)
at com.actitime.Pages.Loginpage.verifyTitle(Loginpage.java:49)
at com.actitime.Pages.Loginpage.verifyTitle(Loginpage.java:49)
at com.actitime.Pages.Loginpage.verifyTitle(Loginpage.java:49)
at com.actitime.Pages.Loginpage.verifyTitle(Loginpage.java:49)
at com.actitime.Pages.Loginpage.verifyTitle(Loginpage.java:49)
at com.actitime.Pages.Loginpage.verifyTitle(Loginpage.java:49)
at com.actitime.Pages.Loginpage.verifyTitle(Loginpage.java:49)
at com.actitime.Pages.Loginpage.verifyTitle(Loginpage.java:49)
at com.actitime.Pages.Loginpage.verifyTitle(Loginpage.java:49)
at com.actitime.Pages.Loginpage.verifyTitle(Loginpage.java:49)
at com.actitime.Pages.Loginpage.verifyTitle(Loginpage.java:49)
at com.actitime.Pages.Loginpage.verifyTitle(Loginpage.java:49)
at com.actitime.Pages.Loginpage.verifyTitle(Loginpage.java:49)
at com.actitime.Pages.Loginpage.verifyTitle(Loginpage.java:49)
at com.actitime.Pages.Loginpage.verifyTitle(Loginpage.java:49)
at com.actitime.Pages.Loginpage.verifyTitle(Loginpage.java:49)
at com.actitime.Pages.Loginpage.verifyTitle(Loginpage.java:49)
at com.actitime.Pages.Loginpage.verifyTitle(Loginpage.java:49)
at com.actitime.Pages.Loginpage.verifyTitle(Loginpage.java:49)
at com.actitime.Pages.Loginpage.verifyTitle(Loginpage.java:49)
at com.actitime.Pages.Loginpage.verifyTitle(Loginpage.java:49)
at com.actitime.Pages.Loginpage.verifyTitle(Loginpage.java:49)
at com.actitime.Pages.Loginpage.verifyTitle(Loginpage.java:49)
at com.actitime.Pages.Loginpage.verifyTitle(Loginpage.java:49)
at com.actitime.Pages.Loginpage.verifyTitle(Loginpage.java:49)
at com.actitime.Pages.Loginpage.verifyTitle(Loginpage.java:49)
at com.actitime.Pages.Loginpage.verifyTitle(Loginpage.java:49)
at com.actitime.Pages.Loginpage.verifyTitle(Loginpage.java:49)
at com.actitime.Pages.Loginpage.verifyTitle(Loginpage.java:49)
at com.actitime.Pages.Loginpage.verifyTitle(Loginpage.java:49)
at com.actitime.Pages.Loginpage.verifyTitle(Loginpage.java:49)
at com.actitime.Pages.Loginpage.verifyTitle(Loginpage.java:49)
at com.actitime.Pages.Loginpage.verifyTitle(Loginpage.java:49)
at com.actitime.Pages.Loginpage.verifyTitle(Loginpage.java:49)
at com.actitime.Pages.Loginpage.verifyTitle(Loginpage.java:49)
at com.actitime.Pages.Loginpage.verifyTitle(Loginpage.java:49)
at com.actitime.Pages.Loginpage.verifyTitle(Loginpage.java:49)
at com.actitime.Pages.Loginpage.verifyTitle(Loginpage.java:49)
at com.actitime.Pages.Loginpage.verifyTitle(Loginpage.java:49)
at com.actitime.Pages.Loginpage.verifyTitle(Loginpage.java:49)
at com.actitime.Pages.Loginpage.verifyTitle(Loginpage.java:49)
at com.actitime.Pages.Loginpage.verifyTitle(Loginpage.java:49)
at com.actitime.Pages.Loginpage.verifyTitle(Loginpage.java:49)
at com.actitime.Pages.Loginpage.verifyTitle(Loginpage.java:49)
at com.actitime.Pages.Loginpage.verifyTitle(Loginpage.java:49)
at com.actitime.Pages.Loginpage.verifyTitle(Loginpage.java:49)
at com.actitime.Pages.Loginpage.verifyTitle(Loginpage.java:49)
at com.actitime.Pages.Loginpage.verifyTitle(Loginpage.java:49)
at com.actitime.Pages.Loginpage.verifyTitle(Loginpage.java:49)
at com.actitime.Pages.Loginpage.verifyTitle(Loginpage.java:49)
at com.actitime.Pages.Loginpage.verifyTitle(Loginpage.java:49)
at com.actitime.Pages.Loginpage.verifyTitle(Loginpage.java:49)
at com.actitime.Pages.Loginpage.verifyTitle(Loginpage.java:49)
at com.actitime.Pages.Loginpage.verifyTitle(Loginpage.java:49)
at com.actitime.Pages.Loginpage.verifyTitle(Loginpage.java:49)
at com.actitime.Pages.Loginpage.verifyTitle(Loginpage.java:49)
at com.actitime.Pages.Loginpage.verifyTitle(Loginpage.java:49)
at com.actitime.Pages.Loginpage.verifyTitle(Loginpage.java:49)
at com.actitime.Pages.Loginpage.verifyTitle(Loginpage.java:49)
at com.actitime.Pages.Loginpage.verifyTitle(Loginpage.java:49)
at com.actitime.Pages.Loginpage.verifyTitle(Loginpage.java:49)
at com.actitime.Pages.Loginpage.verifyTitle(Loginpage.java:49)
at com.actitime.Pages.Loginpage.verifyTitle(Loginpage.java:49)
at com.actitime.Pages.Loginpage.verifyTitle(Loginpage.java:49)
at com.actitime.Pages.Loginpage.verifyTitle(Loginpage.java:49)
at com.actitime.Pages.Loginpage.verifyTitle(Loginpage.java:49)
at com.actitime.Pages.Loginpage.verifyTitle(Loginpage.java:49)
at com.actitime.Pages.Loginpage.verifyTitle(Loginpage.java:49)
at com.actitime.Pages.Loginpage.verifyTitle(Loginpage.java:49)
at com.actitime.Pages.Loginpage.verifyTitle(Loginpage.java:49)
at com.actitime.Pages.Loginpage.verifyTitle(Loginpage.java:49)
at com.actitime.Pages.Loginpage.verifyTitle(Loginpage.java:49)
at com.actitime.Pages.Loginpage.verifyTitle(Loginpage.java:49)
at com.actitime.Pages.Loginpage.verifyTitle(Loginpage.java:49)
at com.actitime.Pages.Loginpage.verifyTitle(Loginpage.java:49)
at com.actitime.Pages.Loginpage.verifyTitle(Loginpage.java:49)
at com.actitime.Pages.Loginpage.verifyTitle(Loginpage.java:49)
at com.actitime.Pages.Loginpage.verifyTitle(Loginpage.java:49)
at com.actitime.Pages.Loginpage.verifyTitle(Loginpage.java:49)
at com.actitime.Pages.Loginpage.verifyTitle(Loginpage.java:49)
at com.actitime.Pages.Loginpage.verifyTitle(Loginpage.java:49)
at com.actitime.Pages.Loginpage.verifyTitle(Loginpage.java:49)
at com.actitime.Pages.Loginpage.verifyTitle(Loginpage.java:49)
at com.actitime.Pages.Loginpage.verifyTitle(Loginpage.java:49)
at com.actitime.Pages.Loginpage.verifyTitle(Loginpage.java:49)
at com.actitime.Pages.Loginpage.verifyTitle(Loginpage.java:49)
at com.actitime.Pages.Loginpage.verifyTitle(Loginpage.java:49)
at com.actitime.Pages.Loginpage.verifyTitle(Loginpage.java:49)
at com.actitime.Pages.Loginpage.verifyTitle(Loginpage.java:49)
at com.actitime.Pages.Loginpage.verifyTitle(Loginpage.java:49)
at com.actitime.Pages.Loginpage.verifyTitle(Loginpage.java:49)
at com.actitime.Pages.Loginpage.verifyTitle(Loginpage.java:49)
at com.actitime.Pages.Loginpage.verifyTitle(Loginpage.java:49)
at com.actitime.Pages.Loginpage.verifyTitle(Loginpage.java:49)
at com.actitime.Pages.Loginpage.verifyTitle(Loginpage.java:49)
at com.actitime.Pages.Loginpage.verifyTitle(Loginpage.java:49)
at com.actitime.Pages.Loginpage.verifyTitle(Loginpage.java:49)
at com.actitime.Pages.Loginpage.verifyTitle(Loginpage.java:49)
at com.actitime.Pages.Loginpage.verifyTitle(Loginpage.java:49)
at com.actitime.Pages.Loginpage.verifyTitle(Loginpage.java:49)
at com.actitime.Pages.Loginpage.verifyTitle(Loginpage.java:49)
at com.actitime.Pages.Loginpage.verifyTitle(Loginpage.java:49)
at com.actitime.Pages.Loginpage.verifyTitle(Loginpage.java:49)
at com.actitime.Pages.Loginpage.verifyTitle(Loginpage.java:49)
at com.actitime.Pages.Loginpage.verifyTitle(Loginpage.java:49)
at com.actitime.Pages.Loginpage.verifyTitle(Loginpage.java:49)
at com.actitime.Pages.Loginpage.verifyTitle(Loginpage.java:49)
at com.actitime.Pages.Loginpage.verifyTitle(Loginpage.java:49)
at com.actitime.Pages.Loginpage.verifyTitle(Loginpage.java:49)
at com.actitime.Pages.Loginpage.verifyTitle(Loginpage.java:49)
at com.actitime.Pages.Loginpage.verifyTitle(Loginpage.java:49)
at com.actitime.Pages.Loginpage.verifyTitle(Loginpage.java:49)
at com.actitime.Pages.Loginpage.verifyTitle(Loginpage.java:49)
at com.actitime.Pages.Loginpage.verifyTitle(Loginpage.java:49)
at com.actitime.Pages.Loginpage.verifyTitle(Loginpage.java:49)
at com.actitime.Pages.Loginpage.verifyTitle(Loginpage.java:49)
at com.actitime.Pages.Loginpage.verifyTitle(Loginpage.java:49)
at com.actitime.Pages.Loginpage.verifyTitle(Loginpage.java:49)
at com.actitime.Pages.Loginpage.verifyTitle(Loginpage.java:49)
at com.actitime.Pages.Loginpage.verifyTitle(Loginpage.java:49)
at com.actitime.Pages.Loginpage.verifyTitle(Loginpage.java:49)
at com.actitime.Pages.Loginpage.verifyTitle(Loginpage.java:49)
at com.actitime.Pages.Loginpage.verifyTitle(Loginpage.java:49)
at com.actitime.Pages.Loginpage.verifyTitle(Loginpage.java:49)
at com.actitime.Pages.Loginpage.verifyTitle(Loginpage.java:49)
at com.actitime.Pages.Loginpage.verifyTitle(Loginpage.java:49)
at com.actitime.Pages.Loginpage.verifyTitle(Loginpage.java:49)
at com.actitime.Pages.Loginpage.verifyTitle(Loginpage.java:49)
at com.actitime.Pages.Loginpage.verifyTitle(Loginpage.java:49)
at com.actitime.Pages.Loginpage.verifyTitle(Loginpage.java:49)
at com.actitime.Pages.Loginpage.verifyTitle(Loginpage.java:49)
at com.actitime.Pages.Loginpage.verifyTitle(Loginpage.java:49)
at com.actitime.Pages.Loginpage.verifyTitle(Loginpage.java:49)
at com.actitime.Pages.Loginpage.verifyTitle(Loginpage.java:49)
at com.actitime.Pages.Loginpage.verifyTitle(Loginpage.java:49)
at com.actitime.Pages.Loginpage.verifyTitle(Loginpage.java:49)
at com.actitime.Pages.Loginpage.verifyTitle(Loginpage.java:49)
at com.actitime.Pages.Loginpage.verifyTitle(Loginpage.java:49)
at com.actitime.Pages.Loginpage.verifyTitle(Loginpage.java:49)
at com.actitime.Pages.Loginpage.verifyTitle(Loginpage.java:49)
at com.actitime.Pages.Loginpage.verifyTitle(Loginpage.java:49)
at com.actitime.Pages.Loginpage.verifyTitle(Loginpage.java:49)
at com.actitime.Pages.Loginpage.verifyTitle(Loginpage.java:49)
at com.actitime.Pages.Loginpage.verifyTitle(Loginpage.java:49)
at com.actitime.Pages.Loginpage.verifyTitle(Loginpage.java:49)
at com.actitime.Pages.Loginpage.verifyTitle(Loginpage.java:49)
at com.actitime.Pages.Loginpage.verifyTitle(Loginpage.java:49)
at com.actitime.Pages.Loginpage.verifyTitle(Loginpage.java:49)
at com.actitime.Pages.Loginpage.verifyTitle(Loginpage.java:49)
at com.actitime.Pages.Loginpage.verifyTitle(Loginpage.java:49)
at com.actitime.Pages.Loginpage.verifyTitle(Loginpage.java:49)
at com.actitime.Pages.Loginpage.verifyTitle(Loginpage.java:49)
at com.actitime.Pages.Loginpage.verifyTitle(Loginpage.java:49)
at com.actitime.Pages.Loginpage.verifyTitle(Loginpage.java:49)
at com.actitime.Pages.Loginpage.verifyTitle(Loginpage.java:49)
at com.actitime.Pages.Loginpage.verifyTitle(Loginpage.java:49)
at com.actitime.Pages.Loginpage.verifyTitle(Loginpage.java:49)
at com.actitime.Pages.Loginpage.verifyTitle(Loginpage.java:49)
at com.actitime.Pages.Loginpage.verifyTitle(Loginpage.java:49)
at com.actitime.Pages.Loginpage.verifyTitle(Loginpage.java:49)
at com.actitime.Pages.Loginpage.verifyTitle(Loginpage.java:49)
at com.actitime.Pages.Loginpage.verifyTitle(Loginpage.java:49)
at com.actitime.Pages.Loginpage.verifyTitle(Loginpage.java:49)
at com.actitime.Pages.Loginpage.verifyTitle(Loginpage.java:49)
at com.actitime.Pages.Loginpage.verifyTitle(Loginpage.java:49)
at com.actitime.Pages.Loginpage.verifyTitle(Loginpage.java:49)
at com.actitime.Pages.Loginpage.verifyTitle(Loginpage.java:49)
at com.actitime.Pages.Loginpage.verifyTitle(Loginpage.java:49)
at com.actitime.Pages.Loginpage.verifyTitle(Loginpage.java:49)
at com.actitime.Pages.Loginpage.verifyTitle(Loginpage.java:49)
at com.actitime.Pages.Loginpage.verifyTitle(Loginpage.java:49)
at com.actitime.Pages.Loginpage.verifyTitle(Loginpage.java:49)
at com.actitime.Pages.Loginpage.verifyTitle(Loginpage.java:49)
at com.actitime.Pages.Loginpage.verifyTitle(Loginpage.java:49)
at com.actitime.Pages.Loginpage.verifyTitle(Loginpage.java:49)
at com.actitime.Pages.Loginpage.verifyTitle(Loginpage.java:49)
at com.actitime.Pages.Loginpage.verifyTitle(Loginpage.java:49)
at com.actitime.Pages.Loginpage.verifyTitle(Loginpage.java:49)
at com.actitime.Pages.Loginpage.verifyTitle(Loginpage.java:49)
at com.actitime.Pages.Loginpage.verifyTitle(Loginpage.java:49)
at com.actitime.Pages.Loginpage.verifyTitle(Loginpage.java:49)
at com.actitime.Pages.Loginpage.verifyTitle(Loginpage.java:49)
at com.actitime.Pages.Loginpage.verifyTitle(Loginpage.java:49)
at com.actitime.Pages.Loginpage.verifyTitle(Loginpage.java:49)
at com.actitime.Pages.Loginpage.verifyTitle(Loginpage.java:49)
at com.actitime.Pages.Loginpage.verifyTitle(Loginpage.java:49)
at com.actitime.Pages.Loginpage.verifyTitle(Loginpage.java:49)
at com.actitime.Pages.Loginpage.verifyTitle(Loginpage.java:49)
at com.actitime.Pages.Loginpage.verifyTitle(Loginpage.java:49)
at com.actitime.Pages.Loginpage.verifyTitle(Loginpage.java:49)
at com.actitime.Pages.Loginpage.verifyTitle(Loginpage.java:49)
at com.actitime.Pages.Loginpage.verifyTitle(Loginpage.java:49)
at com.actitime.Pages.Loginpage.verifyTitle(Loginpage.java:49)
at com.actitime.Pages.Loginpage.verifyTitle(Loginpage.java:49)
at com.actitime.Pages.Loginpage.verifyTitle(Loginpage.java:49)
at com.actitime.Pages.Loginpage.verifyTitle(Loginpage.java:49)
at com.actitime.Pages.Loginpage.verifyTitle(Loginpage.java:49)
at com.actitime.Pages.Loginpage.verifyTitle(Loginpage.java:49)
at com.actitime.Pages.Loginpage.verifyTitle(Loginpage.java:49)
at com.actitime.Pages.Loginpage.verifyTitle(Loginpage.java:49)
at com.actitime.Pages.Loginpage.verifyTitle(Loginpage.java:49)
at com.actitime.Pages.Loginpage.verifyTitle(Loginpage.java:49)
at com.actitime.Pages.Loginpage.verifyTitle(Loginpage.java:49)
at com.actitime.Pages.Loginpage.verifyTitle(Loginpage.java:49)
at com.actitime.Pages.Loginpage.verifyTitle(Loginpage.java:49)
at com.actitime.Pages.Loginpage.verifyTitle(Loginpage.java:49)
at com.actitime.Pages.Loginpage.verifyTitle(Loginpage.java:49)
at com.actitime.Pages.Loginpage.verifyTitle(Loginpage.java:49)
at com.actitime.Pages.Loginpage.verifyTitle(Loginpage.java:49)
at com.actitime.Pages.Loginpage.verifyTitle(Loginpage.java:49)
at com.actitime.Pages.Loginpage.verifyTitle(Loginpage.java:49)
at com.actitime.Pages.Loginpage.verifyTitle(Loginpage.java:49)
at com.actitime.Pages.Loginpage.verifyTitle(Loginpage.java:49)
at com.actitime.Pages.Loginpage.verifyTitle(Loginpage.java:49)
at com.actitime.Pages.Loginpage.verifyTitle(Loginpage.java:49)
at com.actitime.Pages.Loginpage.verifyTitle(Loginpage.java:49)
at com.actitime.Pages.Loginpage.verifyTitle(Loginpage.java:49)
at com.actitime.Pages.Loginpage.verifyTitle(Loginpage.java:49)
at com.actitime.Pages.Loginpage.verifyTitle(Loginpage.java:49)
at com.actitime.Pages.Loginpage.verifyTitle(Loginpage.java:49)
at com.actitime.Pages.Loginpage.verifyTitle(Loginpage.java:49)
at com.actitime.Pages.Loginpage.verifyTitle(Loginpage.java:49)
at com.actitime.Pages.Loginpage.verifyTitle(Loginpage.java:49)
at com.actitime.Pages.Loginpage.verifyTitle(Loginpage.java:49)
at com.actitime.Pages.Loginpage.verifyTitle(Loginpage.java:49)
at com.actitime.Pages.Loginpage.verifyTitle(Loginpage.java:49)
at com.actitime.Pages.Loginpage.verifyTitle(Loginpage.java:49)
at com.actitime.Pages.Loginpage.verifyTitle(Loginpage.java:49)
at com.actitime.Pages.Loginpage.verifyTitle(Loginpage.java:49)
at com.actitime.Pages.Loginpage.verifyTitle(Loginpage.java:49)
at com.actitime.Pages.Loginpage.verifyTitle(Loginpage.java:49)
at com.actitime.Pages.Loginpage.verifyTitle(Loginpage.java:49)
at com.actitime.Pages.Loginpage.verifyTitle(Loginpage.java:49)
at com.actitime.Pages.Loginpage.verifyTitle(Loginpage.java:49)
at com.actitime.Pages.Loginpage.verifyTitle(Loginpage.java:49)
at com.actitime.Pages.Loginpage.verifyTitle(Loginpage.java:49)
at com.actitime.Pages.Loginpage.verifyTitle(Loginpage.java:49)
at com.actitime.Pages.Loginpage.verifyTitle(Loginpage.java:49)
at com.actitime.Pages.Loginpage.verifyTitle(Loginpage.java:49)
at com.actitime.Pages.Loginpage.verifyTitle(Loginpage.java:49)
at com.actitime.Pages.Loginpage.verifyTitle(Loginpage.java:49)
at com.actitime.Pages.Loginpage.verifyTitle(Loginpage.java:49)
at com.actitime.Pages.Loginpage.verifyTitle(Loginpage.java:49)
at com.actitime.Pages.Loginpage.verifyTitle(Loginpage.java:49)
at com.actitime.Pages.Loginpage.verifyTitle(Loginpage.java:49)
at com.actitime.Pages.Loginpage.verifyTitle(Loginpage.java:49)
at com.actitime.Pages.Loginpage.verifyTitle(Loginpage.java:49)
at com.actitime.Pages.Loginpage.verifyTitle(Loginpage.java:49)
at com.actitime.Pages.Loginpage.verifyTitle(Loginpage.java:49)
at com.actitime.Pages.Loginpage.verifyTitle(Loginpage.java:49)
at com.actitime.Pages.Loginpage.verifyTitle(Loginpage.java:49)
at com.actitime.Pages.Loginpage.verifyTitle(Loginpage.java:49)
at com.actitime.Pages.Loginpage.verifyTitle(Loginpage.java:49)
at com.actitime.Pages.Loginpage.verifyTitle(Loginpage.java:49)
at com.actitime.Pages.Loginpage.verifyTitle(Loginpage.java:49)
at com.actitime.Pages.Loginpage.verifyTitle(Loginpage.java:49)
at com.actitime.Pages.Loginpage.verifyTitle(Loginpage.java:49)
at com.actitime.Pages.Loginpage.verifyTitle(Loginpage.java:49)
at com.actitime.Pages.Loginpage.verifyTitle(Loginpage.java:49)
at com.actitime.Pages.Loginpage.verifyTitle(Loginpage.java:49)
at com.actitime.Pages.Loginpage.verifyTitle(Loginpage.java:49)
at com.actitime.Pages.Loginpage.verifyTitle(Loginpage.java:49)
at com.actitime.Pages.Loginpage.verifyTitle(Loginpage.java:49)
at com.actitime.Pages.Loginpage.verifyTitle(Loginpage.java:49)
at com.actitime.Pages.Loginpage.verifyTitle(Loginpage.java:49)
at com.actitime.Pages.Loginpage.verifyTitle(Loginpage.java:49)
at com.actitime.Pages.Loginpage.verifyTitle(Loginpage.java:49)
at com.actitime.Pages.Loginpage.verifyTitle(Loginpage.java:49)
at com.actitime.Pages.Loginpage.verifyTitle(Loginpage.java:49)
at com.actitime.Pages.Loginpage.verifyTitle(Loginpage.java:49)
at com.actitime.Pages.Loginpage.verifyTitle(Loginpage.java:49)
at com.actitime.Pages.Loginpage.verifyTitle(Loginpage.java:49)
at com.actitime.Pages.Loginpage.verifyTitle(Loginpage.java:49)
at com.actitime.Pages.Loginpage.verifyTitle(Loginpage.java:49)
at com.actitime.Pages.Loginpage.verifyTitle(Loginpage.java:49)
at com.actitime.Pages.Loginpage.verifyTitle(Loginpage.java:49)
at com.actitime.Pages.Loginpage.verifyTitle(Loginpage.java:49)
at com.actitime.Pages.Loginpage.verifyTitle(Loginpage.java:49)
at com.actitime.Pages.Loginpage.verifyTitle(Loginpage.java:49)
at com.actitime.Pages.Loginpage.verifyTitle(Loginpage.java:49)
at com.actitime.Pages.Loginpage.verifyTitle(Loginpage.java:49)
at com.actitime.Pages.Loginpage.verifyTitle(Loginpage.java:49)
at com.actitime.Pages.Loginpage.verifyTitle(Loginpage.java:49)
at com.actitime.Pages.Loginpage.verifyTitle(Loginpage.java:49)
at com.actitime.Pages.Loginpage.verifyTitle(Loginpage.java:49)
at com.actitime.Pages.Loginpage.verifyTitle(Loginpage.java:49)
at com.actitime.Pages.Loginpage.verifyTitle(Loginpage.java:49)
at com.actitime.Pages.Loginpage.verifyTitle(Loginpage.java:49)
at com.actitime.Pages.Loginpage.verifyTitle(Loginpage.java:49)
at com.actitime.Pages.Loginpage.verifyTitle(Loginpage.java:49)
at com.actitime.Pages.Loginpage.verifyTitle(Loginpage.java:49)
at com.actitime.Pages.Loginpage.verifyTitle(Loginpage.java:49)
at com.actitime.Pages.Loginpage.verifyTitle(Loginpage.java:49)
at com.actitime.Pages.Loginpage.verifyTitle(Loginpage.java:49)
at com.actitime.Pages.Loginpage.verifyTitle(Loginpage.java:49)
at com.actitime.Pages.Loginpage.verifyTitle(Loginpage.java:49)
at com.actitime.Pages.Loginpage.verifyTitle(Loginpage.java:49)
at com.actitime.Pages.Loginpage.verifyTitle(Loginpage.java:49)
at com.actitime.Pages.Loginpage.verifyTitle(Loginpage.java:49)
at com.actitime.Pages.Loginpage.verifyTitle(Loginpage.java:49)
at com.actitime.Pages.Loginpage.verifyTitle(Loginpage.java:49)
at com.actitime.Pages.Loginpage.verifyTitle(Loginpage.java:49)
at com.actitime.Pages.Loginpage.verifyTitle(Loginpage.java:49)
at com.actitime.Pages.Loginpage.verifyTitle(Loginpage.java:49)
at com.actitime.Pages.Loginpage.verifyTitle(Loginpage.java:49)
at com.actitime.Pages.Loginpage.verifyTitle(Loginpage.java:49)
at com.actitime.Pages.Loginpage.verifyTitle(Loginpage.java:49)
at com.actitime.Pages.Loginpage.verifyTitle(Loginpage.java:49)
at com.actitime.Pages.Loginpage.verifyTitle(Loginpage.java:49)
at com.actitime.Pages.Loginpage.verifyTitle(Loginpage.java:49)
at com.actitime.Pages.Loginpage.verifyTitle(Loginpage.java:49)
at com.actitime.Pages.Loginpage.verifyTitle(Loginpage.java:49)
at com.actitime.Pages.Loginpage.verifyTitle(Loginpage.java:49)
at com.actitime.Pages.Loginpage.verifyTitle(Loginpage.java:49)
at com.actitime.Pages.Loginpage.verifyTitle(Loginpage.java:49)
at com.actitime.Pages.Loginpage.verifyTitle(Loginpage.java:49)
at com.actitime.Pages.Loginpage.verifyTitle(Loginpage.java:49)
at com.actitime.Pages.Loginpage.verifyTitle(Loginpage.java:49)
at com.actitime.Pages.Loginpage.verifyTitle(Loginpage.java:49)
at com.actitime.Pages.Loginpage.verifyTitle(Loginpage.java:49)
]]>
    </error>
  </testcase> <!-- testinvalidloginlogout -->
</testsuite> <!-- com.actitime.tests.InvalidloginlogoutTest -->
